\BOOKMARK [0][-]{chapter.1}{\376\377\000P\000r\000o\000j\000e\000c\000t\000\040\000O\000v\000e\000r\000v\000i\000e\000w}{}% 1
\BOOKMARK [1][-]{section.1.1}{\376\377\000I\000n\000t\000r\000o\000d\000u\000c\000t\000i\000o\000n}{chapter.1}% 2
\BOOKMARK [1][-]{section.1.2}{\376\377\000P\000r\000o\000j\000e\000c\000t\000\040\000S\000c\000o\000p\000e}{chapter.1}% 3
\BOOKMARK [1][-]{section.1.3}{\376\377\000T\000e\000c\000h\000n\000o\000l\000o\000g\000y\000\040\000S\000t\000a\000c\000k}{chapter.1}% 4
\BOOKMARK [1][-]{section.1.4}{\376\377\000S\000y\000s\000t\000e\000m\000\040\000A\000r\000c\000h\000i\000t\000e\000c\000t\000u\000r\000e\000\040\000O\000v\000e\000r\000v\000i\000e\000w}{chapter.1}% 5
\BOOKMARK [1][-]{section.1.5}{\376\377\000P\000r\000o\000j\000e\000c\000t\000\040\000D\000i\000r\000e\000c\000t\000o\000r\000y\000\040\000S\000t\000r\000u\000c\000t\000u\000r\000e}{chapter.1}% 6
\BOOKMARK [0][-]{chapter.2}{\376\377\000B\000a\000c\000k\000e\000n\000d\000\040\000C\000o\000m\000p\000o\000n\000e\000n\000t\000s}{}% 7
\BOOKMARK [1][-]{section.2.1}{\376\377\000M\000a\000i\000n\000\040\000A\000p\000p\000l\000i\000c\000a\000t\000i\000o\000n\000\040\000\050\000m\000a\000i\000n\000.\000p\000y\000\051}{chapter.2}% 8
\BOOKMARK [2][-]{subsection.2.1.1}{\376\377\000A\000P\000I\000\040\000E\000n\000d\000p\000o\000i\000n\000t\000s}{section.2.1}% 9
\BOOKMARK [1][-]{section.2.2}{\376\377\000D\000a\000t\000a\000b\000a\000s\000e\000\040\000M\000o\000d\000e\000l\000s\000\040\000\050\000m\000o\000d\000e\000l\000s\000.\000p\000y\000\051}{chapter.2}% 10
\BOOKMARK [2][-]{subsection.2.2.1}{\376\377\000Z\000o\000n\000e\000\040\000M\000o\000d\000e\000l}{section.2.2}% 11
\BOOKMARK [2][-]{subsection.2.2.2}{\376\377\000A\000l\000e\000r\000t\000\040\000M\000o\000d\000e\000l}{section.2.2}% 12
\BOOKMARK [2][-]{subsection.2.2.3}{\376\377\000D\000e\000t\000e\000c\000t\000i\000o\000n\000L\000o\000g\000\040\000M\000o\000d\000e\000l}{section.2.2}% 13
\BOOKMARK [2][-]{subsection.2.2.4}{\376\377\000O\000t\000h\000e\000r\000\040\000M\000o\000d\000e\000l\000s}{section.2.2}% 14
\BOOKMARK [1][-]{section.2.3}{\376\377\000C\000o\000r\000e\000\040\000D\000e\000t\000e\000c\000t\000i\000o\000n\000\040\000P\000i\000p\000e\000l\000i\000n\000e}{chapter.2}% 15
\BOOKMARK [2][-]{subsection.2.3.1}{\376\377\000S\000t\000r\000e\000a\000m\000M\000a\000n\000a\000g\000e\000r\000\040\000\050\000s\000t\000r\000e\000a\000m\000.\000p\000y\000\051}{section.2.3}% 16
\BOOKMARK [2][-]{subsection.2.3.2}{\376\377\000M\000u\000l\000t\000i\000S\000t\000a\000g\000e\000P\000i\000p\000e\000l\000i\000n\000e\000\040\000\050\000d\000e\000t\000e\000c\000t\000o\000r\000.\000p\000y\000\051}{section.2.3}% 17
\BOOKMARK [1][-]{section.2.4}{\376\377\000P\000o\000l\000y\000g\000o\000n\000\040\000A\000l\000g\000o\000r\000i\000t\000h\000m\000s\000\040\000\050\000p\000o\000l\000y\000g\000o\000n\000.\000p\000y\000\051}{chapter.2}% 18
\BOOKMARK [2][-]{subsection.2.4.1}{\376\377\000R\000a\000y\000-\000C\000a\000s\000t\000i\000n\000g\000\040\000P\000o\000i\000n\000t\000-\000i\000n\000-\000P\000o\000l\000y\000g\000o\000n}{section.2.4}% 19
\BOOKMARK [1][-]{section.2.5}{\376\377\000V\000i\000o\000l\000a\000t\000i\000o\000n\000\040\000C\000h\000e\000c\000k\000i\000n\000g\000\040\000\050\000v\000i\000o\000l\000a\000t\000i\000o\000n\000\137\000c\000h\000e\000c\000k\000e\000r\000.\000p\000y\000\051}{chapter.2}% 20
\BOOKMARK [2][-]{subsection.2.5.1}{\376\377\000P\000P\000E\000\040\000V\000i\000o\000l\000a\000t\000i\000o\000n\000s}{section.2.5}% 21
\BOOKMARK [2][-]{subsection.2.5.2}{\376\377\000Z\000o\000n\000e\000\040\000V\000i\000o\000l\000a\000t\000i\000o\000n\000s}{section.2.5}% 22
\BOOKMARK [2][-]{subsection.2.5.3}{\376\377\000H\000a\000z\000a\000r\000d\000\040\000V\000i\000o\000l\000a\000t\000i\000o\000n\000s}{section.2.5}% 23
\BOOKMARK [1][-]{section.2.6}{\376\377\000P\000e\000r\000s\000o\000n\000\040\000T\000r\000a\000c\000k\000i\000n\000g\000\040\000\050\000z\000o\000n\000e\000\137\000t\000r\000a\000c\000k\000e\000r\000.\000p\000y\000\051}{chapter.2}% 24
\BOOKMARK [1][-]{section.2.7}{\376\377\000N\000o\000t\000i\000f\000i\000c\000a\000t\000i\000o\000n\000\040\000S\000y\000s\000t\000e\000m\000\040\000\050\000n\000o\000t\000i\000f\000i\000e\000r\000.\000p\000y\000\051}{chapter.2}% 25
\BOOKMARK [1][-]{section.2.8}{\376\377\000F\000a\000c\000e\000\040\000R\000e\000c\000o\000g\000n\000i\000t\000i\000o\000n\000\040\000\050\000f\000a\000c\000e\000\137\000m\000a\000n\000a\000g\000e\000r\000.\000p\000y\000\051}{chapter.2}% 26
\BOOKMARK [1][-]{section.2.9}{\376\377\000O\000C\000R\000\040\000E\000n\000g\000i\000n\000e\000\040\000\050\000o\000c\000r\000\137\000e\000n\000g\000i\000n\000e\000.\000p\000y\000\051}{chapter.2}% 27
\BOOKMARK [0][-]{chapter.3}{\376\377\000F\000r\000o\000n\000t\000e\000n\000d\000\040\000C\000o\000m\000p\000o\000n\000e\000n\000t\000s}{}% 28
\BOOKMARK [1][-]{section.3.1}{\376\377\000N\000e\000x\000t\000.\000j\000s\000\040\000A\000p\000p\000l\000i\000c\000a\000t\000i\000o\000n\000\040\000S\000t\000r\000u\000c\000t\000u\000r\000e}{chapter.3}% 29
\BOOKMARK [2][-]{subsection.3.1.1}{\376\377\000P\000a\000g\000e\000\040\000R\000o\000u\000t\000e\000s}{section.3.1}% 30
\BOOKMARK [1][-]{section.3.2}{\376\377\000K\000e\000y\000\040\000C\000o\000m\000p\000o\000n\000e\000n\000t\000s}{chapter.3}% 31
\BOOKMARK [2][-]{subsection.3.2.1}{\376\377\000V\000i\000d\000e\000o\000C\000a\000n\000v\000a\000s\000.\000t\000s\000x}{section.3.2}% 32
\BOOKMARK [2][-]{subsection.3.2.2}{\376\377\000Z\000o\000n\000e\000E\000d\000i\000t\000o\000r\000.\000t\000s\000x}{section.3.2}% 33
\BOOKMARK [2][-]{subsection.3.2.3}{\376\377\000A\000l\000e\000r\000t\000F\000e\000e\000d\000.\000t\000s\000x}{section.3.2}% 34
\BOOKMARK [2][-]{subsection.3.2.4}{\376\377\000N\000a\000v\000b\000a\000r\000.\000t\000s\000x}{section.3.2}% 35
\BOOKMARK [2][-]{subsection.3.2.5}{\376\377\000S\000h\000u\000t\000d\000o\000w\000n\000B\000a\000n\000n\000e\000r\000.\000t\000s\000x}{section.3.2}% 36
\BOOKMARK [1][-]{section.3.3}{\376\377\000S\000t\000a\000t\000e\000\040\000M\000a\000n\000a\000g\000e\000m\000e\000n\000t}{chapter.3}% 37
\BOOKMARK [1][-]{section.3.4}{\376\377\000S\000t\000y\000l\000i\000n\000g}{chapter.3}% 38
\BOOKMARK [0][-]{chapter.4}{\376\377\000D\000a\000t\000a\000b\000a\000s\000e\000\040\000S\000c\000h\000e\000m\000a}{}% 39
\BOOKMARK [1][-]{section.4.1}{\376\377\000E\000n\000t\000i\000t\000y\000\040\000R\000e\000l\000a\000t\000i\000o\000n\000s\000h\000i\000p\000\040\000D\000i\000a\000g\000r\000a\000m}{chapter.4}% 40
\BOOKMARK [1][-]{section.4.2}{\376\377\000T\000a\000b\000l\000e\000\040\000D\000e\000f\000i\000n\000i\000t\000i\000o\000n\000s}{chapter.4}% 41
\BOOKMARK [2][-]{subsection.4.2.1}{\376\377\000z\000o\000n\000e\000s}{section.4.2}% 42
\BOOKMARK [2][-]{subsection.4.2.2}{\376\377\000a\000l\000e\000r\000t\000s}{section.4.2}% 43
\BOOKMARK [2][-]{subsection.4.2.3}{\376\377\000d\000e\000t\000e\000c\000t\000i\000o\000n\000\137\000l\000o\000g\000s}{section.4.2}% 44
\BOOKMARK [2][-]{subsection.4.2.4}{\376\377\000s\000h\000u\000t\000d\000o\000w\000n\000\137\000l\000o\000g\000s}{section.4.2}% 45
\BOOKMARK [2][-]{subsection.4.2.5}{\376\377\000s\000e\000t\000t\000i\000n\000g\000s}{section.4.2}% 46
\BOOKMARK [2][-]{subsection.4.2.6}{\376\377\000v\000i\000d\000e\000o\000\137\000j\000o\000b\000s}{section.4.2}% 47
\BOOKMARK [2][-]{subsection.4.2.7}{\376\377\000z\000o\000n\000e\000\137\000o\000c\000c\000u\000p\000a\000n\000c\000y}{section.4.2}% 48
\BOOKMARK [0][-]{chapter.5}{\376\377\000D\000e\000t\000e\000c\000t\000i\000o\000n\000\040\000M\000o\000d\000e\000l\000s\000\040\000a\000n\000d\000\040\000C\000l\000a\000s\000s\000e\000s}{}% 49
\BOOKMARK [1][-]{section.5.1}{\376\377\000D\000e\000t\000e\000c\000t\000i\000o\000n\000\040\000C\000l\000a\000s\000s\000\040\000D\000e\000f\000i\000n\000i\000t\000i\000o\000n\000s\000\040\000\050\000d\000e\000t\000e\000c\000t\000i\000o\000n\000\137\000m\000o\000d\000e\000l\000s\000.\000p\000y\000\051}{chapter.5}% 50
\BOOKMARK [2][-]{subsection.5.1.1}{\376\377\000P\000P\000E\000\040\000C\000l\000a\000s\000s\000e\000s\000\040\000\050\000S\000t\000a\000g\000e\000\040\0002\000\051}{section.5.1}% 51
\BOOKMARK [2][-]{subsection.5.1.2}{\376\377\000E\000n\000v\000i\000r\000o\000n\000m\000e\000n\000t\000\040\000C\000l\000a\000s\000s\000e\000s\000\040\000\050\000S\000t\000a\000g\000e\000\040\0003\000\051}{section.5.1}% 52
\BOOKMARK [2][-]{subsection.5.1.3}{\376\377\000R\000o\000a\000d\000\040\000D\000a\000m\000a\000g\000e\000\040\000C\000l\000a\000s\000s\000e\000s\000\040\000\050\000S\000t\000a\000g\000e\000\040\0004\000\051}{section.5.1}% 53
\BOOKMARK [1][-]{section.5.2}{\376\377\000C\000o\000n\000f\000i\000d\000e\000n\000c\000e\000\040\000T\000h\000r\000e\000s\000h\000o\000l\000d\000s}{chapter.5}% 54
\BOOKMARK [1][-]{section.5.3}{\376\377\000M\000o\000d\000e\000l\000\040\000F\000i\000l\000e\000s}{chapter.5}% 55
\BOOKMARK [1][-]{section.5.4}{\376\377\000T\000r\000a\000i\000n\000i\000n\000g\000\040\000C\000o\000n\000f\000i\000g\000u\000r\000a\000t\000i\000o\000n}{chapter.5}% 56
\BOOKMARK [0][-]{chapter.6}{\376\377\000C\000o\000n\000f\000i\000g\000u\000r\000a\000t\000i\000o\000n}{}% 57
\BOOKMARK [1][-]{section.6.1}{\376\377\000B\000a\000c\000k\000e\000n\000d\000\040\000E\000n\000v\000i\000r\000o\000n\000m\000e\000n\000t\000\040\000\050\000.\000e\000n\000v\000\051}{chapter.6}% 58
\BOOKMARK [1][-]{section.6.2}{\376\377\000B\000a\000c\000k\000e\000n\000d\000\040\000R\000e\000q\000u\000i\000r\000e\000m\000e\000n\000t\000s\000\040\000\050\000r\000e\000q\000u\000i\000r\000e\000m\000e\000n\000t\000s\000.\000t\000x\000t\000\051}{chapter.6}% 59
\BOOKMARK [1][-]{section.6.3}{\376\377\000F\000r\000o\000n\000t\000e\000n\000d\000\040\000C\000o\000n\000f\000i\000g\000u\000r\000a\000t\000i\000o\000n\000\040\000\050\000p\000a\000c\000k\000a\000g\000e\000.\000j\000s\000o\000n\000\051}{chapter.6}% 60
\BOOKMARK [1][-]{section.6.4}{\376\377\000T\000a\000i\000l\000w\000i\000n\000d\000\040\000C\000o\000n\000f\000i\000g\000u\000r\000a\000t\000i\000o\000n\000\040\000\050\000t\000a\000i\000l\000w\000i\000n\000d\000.\000c\000o\000n\000f\000i\000g\000.\000t\000s\000\051}{chapter.6}% 61
\BOOKMARK [0][-]{chapter.7}{\376\377\000I\000n\000s\000t\000a\000l\000l\000a\000t\000i\000o\000n\000\040\000a\000n\000d\000\040\000S\000e\000t\000u\000p}{}% 62
\BOOKMARK [1][-]{section.7.1}{\376\377\000S\000y\000s\000t\000e\000m\000\040\000R\000e\000q\000u\000i\000r\000e\000m\000e\000n\000t\000s}{chapter.7}% 63
\BOOKMARK [1][-]{section.7.2}{\376\377\000B\000a\000c\000k\000e\000n\000d\000\040\000S\000e\000t\000u\000p}{chapter.7}% 64
\BOOKMARK [2][-]{subsection.7.2.1}{\376\377\000C\000l\000o\000n\000e\000\040\000a\000n\000d\000\040\000I\000n\000s\000t\000a\000l\000l}{section.7.2}% 65
\BOOKMARK [2][-]{subsection.7.2.2}{\376\377\000R\000u\000n\000\040\000B\000a\000c\000k\000e\000n\000d}{section.7.2}% 66
\BOOKMARK [1][-]{section.7.3}{\376\377\000F\000r\000o\000n\000t\000e\000n\000d\000\040\000S\000e\000t\000u\000p}{chapter.7}% 67
\BOOKMARK [2][-]{subsection.7.3.1}{\376\377\000I\000n\000s\000t\000a\000l\000l\000\040\000a\000n\000d\000\040\000R\000u\000n}{section.7.3}% 68
\BOOKMARK [1][-]{section.7.4}{\376\377\000D\000a\000t\000a\000s\000e\000t\000\040\000P\000r\000e\000p\000a\000r\000a\000t\000i\000o\000n}{chapter.7}% 69
\BOOKMARK [2][-]{subsection.7.4.1}{\376\377\000D\000a\000t\000a\000s\000e\000t\000\040\000S\000t\000r\000u\000c\000t\000u\000r\000e}{section.7.4}% 70
\BOOKMARK [2][-]{subsection.7.4.2}{\376\377\000Y\000A\000M\000L\000\040\000C\000o\000n\000f\000i\000g\000u\000r\000a\000t\000i\000o\000n}{section.7.4}% 71
\BOOKMARK [1][-]{section.7.5}{\376\377\000T\000r\000a\000i\000n\000i\000n\000g}{chapter.7}% 72
\BOOKMARK [2][-]{subsection.7.5.1}{\376\377\000L\000o\000c\000a\000l\000\040\000T\000r\000a\000i\000n\000i\000n\000g}{section.7.5}% 73
\BOOKMARK [2][-]{subsection.7.5.2}{\376\377\000K\000a\000g\000g\000l\000e\000\040\000T\000r\000a\000i\000n\000i\000n\000g}{section.7.5}% 74
\BOOKMARK [1][-]{section.7.6}{\376\377\000M\000o\000d\000e\000l\000\040\000D\000e\000p\000l\000o\000y\000m\000e\000n\000t}{chapter.7}% 75
\BOOKMARK [0][-]{chapter.8}{\376\377\000A\000P\000I\000\040\000R\000e\000f\000e\000r\000e\000n\000c\000e}{}% 76
\BOOKMARK [1][-]{section.8.1}{\376\377\000R\000E\000S\000T\000\040\000E\000n\000d\000p\000o\000i\000n\000t\000s}{chapter.8}% 77
\BOOKMARK [2][-]{subsection.8.1.1}{\376\377\000Z\000o\000n\000e\000\040\000M\000a\000n\000a\000g\000e\000m\000e\000n\000t}{section.8.1}% 78
\BOOKMARK [2][-]{subsection.8.1.2}{\376\377\000A\000l\000e\000r\000t\000\040\000M\000a\000n\000a\000g\000e\000m\000e\000n\000t}{section.8.1}% 79
\BOOKMARK [1][-]{section.8.2}{\376\377\000W\000e\000b\000S\000o\000c\000k\000e\000t\000\040\000E\000n\000d\000p\000o\000i\000n\000t\000s}{chapter.8}% 80
\BOOKMARK [2][-]{subsection.8.2.1}{\376\377\000/\000w\000s\000/\000a\000l\000e\000r\000t\000s}{section.8.2}% 81
\BOOKMARK [2][-]{subsection.8.2.2}{\376\377\000/\000w\000s\000/\000c\000a\000m\000e\000r\000a}{section.8.2}% 82
\BOOKMARK [1][-]{section.8.3}{\376\377\000D\000e\000t\000e\000c\000t\000i\000o\000n\000\040\000C\000l\000a\000s\000s\000e\000s\000\040\000R\000e\000f\000e\000r\000e\000n\000c\000e}{chapter.8}% 83
\BOOKMARK [2][-]{subsection.8.3.1}{\376\377\000P\000P\000E\000\040\000D\000e\000t\000e\000c\000t\000i\000o\000n\000\040\000C\000l\000a\000s\000s\000e\000s}{section.8.3}% 84
\BOOKMARK [2][-]{subsection.8.3.2}{\376\377\000V\000i\000o\000l\000a\000t\000i\000o\000n\000\040\000T\000y\000p\000e\000s}{section.8.3}% 85
\BOOKMARK [0][-]{chapter.9}{\376\377\000T\000r\000o\000u\000b\000l\000e\000s\000h\000o\000o\000t\000i\000n\000g}{}% 86
\BOOKMARK [1][-]{section.9.1}{\376\377\000C\000o\000m\000m\000o\000n\000\040\000I\000s\000s\000u\000e\000s}{chapter.9}% 87
\BOOKMARK [2][-]{subsection.9.1.1}{\376\377\000C\000a\000m\000e\000r\000a\000\040\000N\000o\000t\000\040\000D\000i\000s\000p\000l\000a\000y\000i\000n\000g}{section.9.1}% 88
\BOOKMARK [2][-]{subsection.9.1.2}{\376\377\000D\000e\000t\000e\000c\000t\000i\000o\000n\000\040\000N\000o\000t\000\040\000W\000o\000r\000k\000i\000n\000g}{section.9.1}% 89
\BOOKMARK [2][-]{subsection.9.1.3}{\376\377\000W\000h\000a\000t\000s\000A\000p\000p\000\040\000N\000o\000t\000i\000f\000i\000c\000a\000t\000i\000o\000n\000s\000\040\000N\000o\000t\000\040\000S\000e\000n\000d\000i\000n\000g}{section.9.1}% 90
\BOOKMARK [2][-]{subsection.9.1.4}{\376\377\000Z\000o\000n\000e\000\040\000P\000o\000l\000y\000g\000o\000n\000\040\000D\000r\000a\000w\000i\000n\000g\000\040\000N\000o\000t\000\040\000W\000o\000r\000k\000i\000n\000g}{section.9.1}% 91
\BOOKMARK [2][-]{subsection.9.1.5}{\376\377\000T\000r\000a\000i\000n\000i\000n\000g\000\040\000F\000a\000i\000l\000s}{section.9.1}% 92
\BOOKMARK [1][-]{section.9.2}{\376\377\000P\000e\000r\000f\000o\000r\000m\000a\000n\000c\000e\000\040\000O\000p\000t\000i\000m\000i\000z\000a\000t\000i\000o\000n}{chapter.9}% 93
\BOOKMARK [2][-]{subsection.9.2.1}{\376\377\000G\000P\000U\000\040\000M\000e\000m\000o\000r\000y\000\040\000I\000s\000s\000u\000e\000s}{section.9.2}% 94
\BOOKMARK [2][-]{subsection.9.2.2}{\376\377\000S\000l\000o\000w\000\040\000I\000n\000f\000e\000r\000e\000n\000c\000e}{section.9.2}% 95
\BOOKMARK [1][-]{section.9.3}{\376\377\000L\000o\000g\000\040\000L\000o\000c\000a\000t\000i\000o\000n\000s}{chapter.9}% 96
\BOOKMARK [0][-]{appendix.A}{\376\377\000G\000l\000o\000s\000s\000a\000r\000y}{}% 97
\BOOKMARK [0][-]{appendix.B}{\376\377\000C\000l\000a\000s\000s\000\040\000E\000n\000u\000m\000e\000r\000a\000t\000i\000o\000n\000s}{}% 98
\BOOKMARK [1][-]{section.B.1}{\376\377\000P\000P\000E\000C\000l\000a\000s\000s}{appendix.B}% 99
\BOOKMARK [1][-]{section.B.2}{\376\377\000E\000n\000v\000C\000l\000a\000s\000s}{appendix.B}% 100
\BOOKMARK [1][-]{section.B.3}{\376\377\000R\000o\000a\000d\000C\000l\000a\000s\000s}{appendix.B}% 101
\BOOKMARK [0][-]{appendix.C}{\376\377\000F\000i\000l\000e\000\040\000I\000n\000v\000e\000n\000t\000o\000r\000y}{}% 102
\BOOKMARK [1][-]{section.C.1}{\376\377\000B\000a\000c\000k\000e\000n\000d\000\040\000F\000i\000l\000e\000s}{appendix.C}% 103
\BOOKMARK [1][-]{section.C.2}{\376\377\000F\000r\000o\000n\000t\000e\000n\000d\000\040\000P\000a\000g\000e\000s}{appendix.C}% 104
\BOOKMARK [1][-]{appendix*.2}{\376\377\000R\000e\000f\000e\000r\000e\000n\000c\000e\000s}{appendix.C}% 105
